2025-07-30 20:41:48,827 - paper_trading.data.ccxt_provider - INFO - Successfully initialized mexc exchange
2025-07-30 20:41:49,376 - paper_trading.data.ccxt_provider - INFO - Fetched 687 records for BTC/USDT:USDT on 15m
2025-07-30 20:41:49,385 - paper_trading.data.ccxt_provider - INFO - Calculated technical indicators for 488 data points
2025-07-30 20:41:59,944 - paper_trading.data.ccxt_provider - INFO - Successfully initialized mexc exchange
2025-07-30 20:42:01,267 - paper_trading.data.ccxt_provider - INFO - Fetched 2001 records for BTC/USDT:USDT on 15m
2025-07-30 20:42:01,274 - paper_trading.data.ccxt_provider - INFO - Calculated technical indicators for 1802 data points
2025-07-30 20:42:01,312 - paper_trading.utils.data_persistence - INFO - Data persistence manager initialized at paper_trading_data
2025-07-30 20:42:01,314 - paper_trading.utils.data_persistence - INFO - Data persistence manager initialized at paper_trading_data
2025-07-30 20:42:01,319 - __main__ - ERROR - Error: AgentPPO.__init__() got an unexpected keyword argument 'net_dim'
2025-07-30 20:42:34,639 - paper_trading.data.ccxt_provider - INFO - Successfully initialized mexc exchange
2025-07-30 20:42:35,842 - paper_trading.data.ccxt_provider - INFO - Fetched 2001 records for BTC/USDT:USDT on 15m
2025-07-30 20:42:35,848 - paper_trading.data.ccxt_provider - INFO - Calculated technical indicators for 1802 data points
2025-07-30 20:42:35,887 - paper_trading.utils.data_persistence - INFO - Data persistence manager initialized at paper_trading_data
2025-07-30 20:42:35,888 - paper_trading.utils.data_persistence - INFO - Data persistence manager initialized at paper_trading_data
2025-07-30 20:42:36,594 - paper_trading.training.crypto_drl_agent - INFO - Crypto trading agent created: PPO
2025-07-30 20:42:36,596 - __main__ - ERROR - Error: expected sequence of length 21 at dim 1 (got 0)
2025-07-30 20:43:38,265 - paper_trading.data.ccxt_provider - INFO - Successfully initialized mexc exchange
2025-07-30 20:43:39,392 - paper_trading.data.ccxt_provider - INFO - Fetched 2001 records for BTC/USDT:USDT on 15m
2025-07-30 20:43:39,396 - paper_trading.data.ccxt_provider - INFO - Calculated technical indicators for 1802 data points
2025-07-30 20:43:39,951 - paper_trading.training.crypto_drl_agent - INFO - Crypto trading agent created: PPO
2025-07-30 20:43:48,183 - paper_trading.data.ccxt_provider - INFO - Successfully initialized mexc exchange
2025-07-30 20:43:48,684 - paper_trading.training.crypto_drl_agent - INFO - Crypto trading agent created: PPO
2025-07-30 20:43:48,684 - __main__ - ERROR - Error: 'CryptoTradingAgent' object has no attribute 'load_agent'
2025-07-30 20:44:05,341 - paper_trading.data.ccxt_provider - INFO - Successfully initialized mexc exchange
2025-07-30 20:44:05,857 - paper_trading.training.crypto_drl_agent - INFO - Crypto trading agent created: PPO
2025-07-30 20:44:07,390 - paper_trading.data.ccxt_provider - INFO - Fetched 2001 records for BTC/USDT:USDT on 15m
2025-07-30 20:44:07,395 - paper_trading.data.ccxt_provider - INFO - Calculated technical indicators for 1802 data points
2025-07-30 20:44:07,397 - paper_trading.utils.data_persistence - INFO - Data persistence manager initialized at paper_trading_data
2025-07-30 20:44:07,398 - __main__ - ERROR - Error: expected sequence of length 21 at dim 1 (got 0)
2025-07-30 20:44:33,997 - paper_trading.data.ccxt_provider - INFO - Successfully initialized mexc exchange
2025-07-30 20:44:34,495 - paper_trading.training.crypto_drl_agent - INFO - Crypto trading agent created: PPO
2025-07-30 20:44:36,119 - paper_trading.data.ccxt_provider - INFO - Fetched 2001 records for BTC/USDT:USDT on 15m
2025-07-30 20:44:36,125 - paper_trading.data.ccxt_provider - INFO - Calculated technical indicators for 1802 data points
2025-07-30 20:44:43,725 - paper_trading.data.ccxt_provider - INFO - Successfully initialized mexc exchange
2025-07-30 20:44:44,223 - paper_trading.training.crypto_drl_agent - INFO - Crypto trading agent created: PPO
2025-07-30 20:44:45,081 - paper_trading.data.ccxt_provider - INFO - Fetched 2001 records for BTC/USDT:USDT on 15m
2025-07-30 20:44:45,085 - paper_trading.data.ccxt_provider - INFO - Calculated technical indicators for 1802 data points
2025-07-30 20:44:45,087 - paper_trading.utils.data_persistence - INFO - Data persistence manager initialized at paper_trading_data
2025-07-30 20:44:45,087 - __main__ - ERROR - Error: expected sequence of length 21 at dim 1 (got 0)
2025-07-30 20:45:21,416 - paper_trading.data.ccxt_provider - INFO - Successfully initialized mexc exchange
2025-07-30 20:45:21,890 - paper_trading.training.crypto_drl_agent - INFO - Crypto trading agent created: PPO
2025-07-30 20:45:23,208 - paper_trading.data.ccxt_provider - INFO - Fetched 2001 records for BTC/USDT:USDT on 15m
2025-07-30 20:45:23,215 - paper_trading.data.ccxt_provider - INFO - Calculated technical indicators for 1802 data points
2025-07-30 20:55:29,800 - paper_trading.data.ccxt_provider - INFO - Successfully initialized mexc exchange
2025-07-30 20:55:31,773 - paper_trading.data.ccxt_provider - INFO - Fetched 2001 records for BTC/USDT:USDT on 15m
2025-07-30 20:55:31,781 - paper_trading.data.ccxt_provider - INFO - Calculated technical indicators for 1802 data points
2025-07-30 20:55:38,118 - paper_trading.data.ccxt_provider - INFO - Successfully initialized mexc exchange
2025-07-30 20:55:40,207 - paper_trading.data.ccxt_provider - INFO - Fetched 2001 records for BTC/USDT:USDT on 15m
2025-07-30 20:55:40,210 - paper_trading.data.ccxt_provider - INFO - Calculated technical indicators for 1802 data points
2025-07-30 20:55:40,896 - paper_trading.training.crypto_drl_agent - INFO - Crypto trading agent created: PPO
2025-07-30 20:56:06,866 - paper_trading.data.ccxt_provider - INFO - Successfully initialized mexc exchange
2025-07-30 20:56:08,676 - paper_trading.data.ccxt_provider - INFO - Fetched 2001 records for BTC/USDT:USDT on 15m
2025-07-30 20:56:08,681 - paper_trading.data.ccxt_provider - INFO - Calculated technical indicators for 1802 data points
2025-07-30 20:56:14,267 - paper_trading.data.ccxt_provider - INFO - Successfully initialized mexc exchange
2025-07-30 20:56:16,127 - paper_trading.data.ccxt_provider - INFO - Fetched 2001 records for BTC/USDT:USDT on 15m
2025-07-30 20:56:16,133 - paper_trading.data.ccxt_provider - INFO - Calculated technical indicators for 1802 data points
2025-07-30 20:56:16,830 - paper_trading.training.crypto_drl_agent - INFO - Crypto trading agent created: PPO
2025-07-30 20:56:21,887 - paper_trading.data.ccxt_provider - INFO - Successfully initialized mexc exchange
2025-07-30 20:56:21,888 - paper_trading.training.crypto_drl_agent - INFO - Crypto trading agent created: PPO
2025-07-30 20:56:23,460 - paper_trading.data.ccxt_provider - INFO - Fetched 687 records for BTC/USDT:USDT on 15m
2025-07-30 20:56:23,466 - paper_trading.data.ccxt_provider - INFO - Calculated technical indicators for 488 data points
2025-07-30 20:56:27,178 - paper_trading.data.ccxt_provider - INFO - Successfully initialized mexc exchange
2025-07-30 20:56:27,180 - paper_trading.training.crypto_drl_agent - INFO - Crypto trading agent created: PPO
2025-07-30 20:56:28,773 - paper_trading.data.ccxt_provider - INFO - Fetched 687 records for BTC/USDT:USDT on 15m
2025-07-30 20:56:28,781 - paper_trading.data.ccxt_provider - INFO - Calculated technical indicators for 488 data points
2025-07-30 20:57:18,817 - paper_trading.data.ccxt_provider - INFO - Successfully initialized mexc exchange
2025-07-30 20:57:20,875 - paper_trading.data.ccxt_provider - INFO - Fetched 100 records for BTC/USDT:USDT on 15m
2025-07-30 20:57:20,880 - paper_trading.data.ccxt_provider - INFO - Calculated technical indicators for 0 data points
2025-07-30 21:40:54,964 - paper_trading.data.ccxt_provider - INFO - Successfully initialized mexc exchange
2025-07-30 21:40:55,958 - paper_trading.training.crypto_drl_agent - INFO - Crypto trading agent created: PPO
2025-07-30 21:41:10,531 - paper_trading.data.ccxt_provider - INFO - Successfully initialized mexc exchange
2025-07-30 21:41:11,097 - paper_trading.training.crypto_drl_agent - INFO - Crypto trading agent created: PPO
2025-07-30 21:41:11,099 - __main__ - ERROR - Error: 'BitcoinDRLTrainer' object has no attribute 'collect_bitcoin_data'
2025-07-30 21:41:44,081 - paper_trading.data.ccxt_provider - INFO - Successfully initialized mexc exchange
2025-07-30 21:41:44,763 - paper_trading.training.crypto_drl_agent - INFO - Crypto trading agent created: PPO
2025-07-30 21:41:44,766 - __main__ - ERROR - Error: 'BitcoinDRLTrainer' object has no attribute 'collect_bitcoin_data'
2025-07-30 21:42:15,579 - paper_trading.data.ccxt_provider - INFO - Successfully initialized mexc exchange
2025-07-30 21:42:16,263 - paper_trading.training.crypto_drl_agent - INFO - Crypto trading agent created: PPO
2025-07-30 21:42:25,194 - paper_trading.data.ccxt_provider - INFO - Successfully initialized mexc exchange
2025-07-30 21:42:25,697 - paper_trading.training.crypto_drl_agent - INFO - Crypto trading agent created: PPO
2025-07-30 21:42:27,529 - paper_trading.data.ccxt_provider - INFO - Fetched 2001 records for BTC/USDT:USDT on 15m
2025-07-30 21:42:27,538 - paper_trading.data.ccxt_provider - INFO - Calculated technical indicators for 1802 data points
2025-07-30 22:05:41,821 - paper_trading.data.ccxt_provider - INFO - Successfully initialized mexc exchange
2025-07-30 22:05:42,725 - paper_trading.training.crypto_drl_agent - INFO - Crypto trading agent created: PPO
2025-07-30 22:05:52,266 - paper_trading.data.ccxt_provider - INFO - Successfully initialized mexc exchange
2025-07-30 22:05:53,115 - paper_trading.training.crypto_drl_agent - INFO - Crypto trading agent created: SAC
2025-07-30 22:06:03,985 - paper_trading.data.ccxt_provider - INFO - Successfully initialized mexc exchange
2025-07-30 22:06:04,760 - paper_trading.training.crypto_drl_agent - INFO - Crypto trading agent created: TD3
2025-07-30 22:18:40,132 - paper_trading.data.ccxt_provider - INFO - Successfully initialized mexc exchange
2025-07-30 22:18:40,309 - __main__ - ERROR - Error: Unsupported agent type: DDPG
2025-07-30 22:19:21,898 - paper_trading.data.ccxt_provider - INFO - Successfully initialized mexc exchange
2025-07-30 22:19:22,765 - paper_trading.training.crypto_drl_agent - INFO - Crypto trading agent created: DDPG
2025-07-30 22:19:34,088 - paper_trading.data.ccxt_provider - INFO - Successfully initialized mexc exchange
2025-07-30 22:19:34,867 - paper_trading.training.crypto_drl_agent - INFO - Crypto trading agent created: A2C
2025-07-30 22:19:45,721 - paper_trading.data.ccxt_provider - INFO - Successfully initialized mexc exchange
2025-07-30 22:19:46,515 - paper_trading.training.crypto_drl_agent - INFO - Crypto trading agent created: DQN
2025-07-30 22:19:58,453 - paper_trading.data.ccxt_provider - INFO - Successfully initialized mexc exchange
2025-07-30 22:19:59,166 - paper_trading.training.crypto_drl_agent - INFO - Crypto trading agent created: DuelingDQN
