2025-08-01 12:32:10,219 - INFO - ðŸš€ Unified Bitcoin Data Collection System Started
2025-08-01 12:32:10,219 - INFO - ðŸ“ Data directory: paper_trading_data/unified_data_collection
2025-08-01 12:32:10,219 - INFO - ðŸ“Š Exchange: mexc
2025-08-01 12:32:10,219 - INFO - ðŸ’° Symbol: BTC/USDT:USDT
2025-08-01 12:32:10,219 - INFO - â° Timeframe: 15m
2025-08-01 12:32:10,219 - INFO - 
ðŸ”— Testing connection to mexc...
2025-08-01 12:32:10,219 - INFO - âœ… Successfully connected to mexc
2025-08-01 12:32:10,219 - INFO - ðŸ“Š Available markets: 1
2025-08-01 12:32:10,219 - INFO - âœ… Symbol BTC/USDT:USDT is available
2025-08-01 12:32:10,219 - INFO - 
============================================================
2025-08-01 12:32:10,219 - INFO - ðŸ“Š Collecting Comprehensive Bitcoin Data
2025-08-01 12:32:10,219 - INFO - ============================================================
2025-08-01 12:32:10,219 - INFO - ðŸ“… Date range: 2023-08-02 to 2025-08-01
2025-08-01 12:32:10,219 - INFO - ðŸ“Š Total days: 730
2025-08-01 12:32:10,219 - INFO - ðŸ”§ Chunk size: 30 days
2025-08-01 12:32:10,219 - INFO - ðŸ“Š Collecting chunk: 2023-08-02 to 2023-09-01
2025-08-01 12:32:10,417 - INFO - âœ… Chunk collected: 2880 records
2025-08-01 12:32:11,422 - INFO - ðŸ“Š Collecting chunk: 2023-09-01 to 2023-10-01
2025-08-01 12:32:11,608 - INFO - âœ… Chunk collected: 2880 records
2025-08-01 12:32:12,612 - INFO - ðŸ“Š Collecting chunk: 2023-10-01 to 2023-10-31
2025-08-01 12:32:12,785 - INFO - âœ… Chunk collected: 2880 records
2025-08-01 12:32:13,790 - INFO - ðŸ“Š Collecting chunk: 2023-10-31 to 2023-11-30
2025-08-01 12:32:13,966 - INFO - âœ… Chunk collected: 2880 records
2025-08-01 12:32:14,971 - INFO - ðŸ“Š Collecting chunk: 2023-11-30 to 2023-12-30
2025-08-01 12:32:15,125 - INFO - âœ… Chunk collected: 2880 records
2025-08-01 12:32:16,128 - INFO - ðŸ“Š Collecting chunk: 2023-12-30 to 2024-01-29
2025-08-01 12:32:16,276 - INFO - âœ… Chunk collected: 2880 records
2025-08-01 12:32:17,278 - INFO - ðŸ“Š Collecting chunk: 2024-01-29 to 2024-02-28
2025-08-01 12:32:17,415 - INFO - âœ… Chunk collected: 2880 records
2025-08-01 12:32:18,420 - INFO - ðŸ“Š Collecting chunk: 2024-02-28 to 2024-03-29
2025-08-01 12:32:18,556 - INFO - âœ… Chunk collected: 2880 records
2025-08-01 12:32:19,560 - INFO - ðŸ“Š Collecting chunk: 2024-03-29 to 2024-04-28
2025-08-01 12:32:19,692 - INFO - âœ… Chunk collected: 2880 records
2025-08-01 12:32:20,698 - INFO - ðŸ“Š Collecting chunk: 2024-04-28 to 2024-05-28
2025-08-01 12:32:20,818 - INFO - âœ… Chunk collected: 2880 records
2025-08-01 12:32:21,823 - INFO - ðŸ“Š Collecting chunk: 2024-05-28 to 2024-06-27
2025-08-01 12:32:21,928 - INFO - âœ… Chunk collected: 2880 records
2025-08-01 12:32:22,932 - INFO - ðŸ“Š Collecting chunk: 2024-06-27 to 2024-07-27
2025-08-01 12:32:23,037 - INFO - âœ… Chunk collected: 2880 records
2025-08-01 12:32:24,042 - INFO - ðŸ“Š Collecting chunk: 2024-07-27 to 2024-08-26
2025-08-01 12:32:24,137 - INFO - âœ… Chunk collected: 2880 records
2025-08-01 12:32:25,142 - INFO - ðŸ“Š Collecting chunk: 2024-08-26 to 2024-09-25
2025-08-01 12:32:25,228 - INFO - âœ… Chunk collected: 2880 records
2025-08-01 12:32:26,233 - INFO - ðŸ“Š Collecting chunk: 2024-09-25 to 2024-10-25
2025-08-01 12:32:26,318 - INFO - âœ… Chunk collected: 2880 records
2025-08-01 12:32:27,323 - INFO - ðŸ“Š Collecting chunk: 2024-10-25 to 2024-11-24
2025-08-01 12:32:27,392 - INFO - âœ… Chunk collected: 2880 records
2025-08-01 12:32:28,397 - INFO - ðŸ“Š Collecting chunk: 2024-11-24 to 2024-12-24
2025-08-01 12:32:28,459 - INFO - âœ… Chunk collected: 2880 records
2025-08-01 12:32:29,460 - INFO - ðŸ“Š Collecting chunk: 2024-12-24 to 2025-01-23
2025-08-01 12:32:29,515 - INFO - âœ… Chunk collected: 2880 records
2025-08-01 12:32:30,520 - INFO - ðŸ“Š Collecting chunk: 2025-01-23 to 2025-02-22
2025-08-01 12:32:30,578 - INFO - âœ… Chunk collected: 2880 records
2025-08-01 12:32:31,583 - INFO - ðŸ“Š Collecting chunk: 2025-02-22 to 2025-03-24
2025-08-01 12:32:31,624 - INFO - âœ… Chunk collected: 2880 records
2025-08-01 12:32:32,629 - INFO - ðŸ“Š Collecting chunk: 2025-03-24 to 2025-04-23
2025-08-01 12:32:32,662 - INFO - âœ… Chunk collected: 2880 records
2025-08-01 12:32:33,667 - INFO - ðŸ“Š Collecting chunk: 2025-04-23 to 2025-05-23
2025-08-01 12:32:33,694 - INFO - âœ… Chunk collected: 2880 records
2025-08-01 12:32:34,700 - INFO - ðŸ“Š Collecting chunk: 2025-05-23 to 2025-06-22
2025-08-01 12:32:34,720 - INFO - âœ… Chunk collected: 2880 records
2025-08-01 12:32:35,725 - INFO - ðŸ“Š Collecting chunk: 2025-06-22 to 2025-07-22
2025-08-01 12:32:35,773 - INFO - âœ… Chunk collected: 2880 records
2025-08-01 12:32:36,778 - INFO - ðŸ“Š Collecting chunk: 2025-07-22 to 2025-08-01
2025-08-01 12:32:36,781 - INFO - âœ… Chunk collected: 960 records
2025-08-01 12:32:37,790 - INFO - ðŸ§¹ Cleaning and validating data...
2025-08-01 12:32:37,801 - INFO -    Removed 0 duplicates
2025-08-01 12:32:37,803 - INFO -    Removed rows with missing values: 70,080 records remaining
2025-08-01 12:32:37,803 - INFO -    Validated price data: 70,080 records remaining
2025-08-01 12:32:37,805 - INFO -    Validated OHLC relationships: 70,080 records remaining
2025-08-01 12:32:37,809 - INFO -    Removed outliers: 70,080 records remaining
2025-08-01 12:32:38,002 - INFO - ðŸ’¾ CSV file saved: paper_trading_data/unified_data_collection/bitcoin_15m_20230802_20250801.csv
2025-08-01 12:32:38,065 - INFO - ðŸ’¾ Parquet file saved: paper_trading_data/unified_data_collection/bitcoin_15m_20230802_20250801.parquet
2025-08-01 12:32:38,066 - INFO - ðŸ’¾ Metadata saved: paper_trading_data/unified_data_collection/bitcoin_15m_20230802_20250801_metadata.json
2025-08-01 12:32:38,066 - INFO - 
ðŸ“Š Data Quality Analysis:
2025-08-01 12:32:38,066 - INFO -    ðŸ“ˆ Total records: 70,080
2025-08-01 12:32:38,066 - INFO -    ðŸ“… Date range: 2023-08-02 12:47:10.219000 to 2025-08-01 12:32:10.219000
2025-08-01 12:32:38,066 - INFO -    ðŸ’° Price range: $9,803.17 - $101,994.99
2025-08-01 12:32:38,066 - INFO -    ðŸ“Š Volume range: 500,001 - 1,999,989
2025-08-01 12:32:38,069 - INFO -    âœ… No significant time gaps found
2025-08-01 12:32:38,070 - WARNING -    âš ï¸  Found 21 large price changes (>10%)
