2025-08-01 13:18:52,150 - INFO - ðŸš€ Unified Bitcoin Data Collection System Started
2025-08-01 13:18:52,150 - INFO - ðŸ“ Data directory: paper_trading_data/unified_data_collection
2025-08-01 13:18:52,150 - INFO - ðŸ“Š Exchange: mexc
2025-08-01 13:18:52,150 - INFO - ðŸ’° Symbol: BTC/USDT:USDT
2025-08-01 13:18:52,150 - INFO - â° Timeframe: 15m
2025-08-01 13:18:52,150 - INFO - 
ðŸ”— Testing connection to mexc...
2025-08-01 13:18:52,150 - INFO - âœ… Successfully connected to mexc
2025-08-01 13:18:52,150 - INFO - ðŸ“Š Available markets: 1
2025-08-01 13:18:52,151 - INFO - âœ… Symbol BTC/USDT:USDT is available
2025-08-01 13:18:52,151 - INFO - 
============================================================
2025-08-01 13:18:52,151 - INFO - ðŸ“Š Collecting Comprehensive Bitcoin Data
2025-08-01 13:18:52,151 - INFO - ============================================================
2025-08-01 13:18:52,151 - INFO - ðŸ“… Date range: 2023-08-02 to 2025-08-01
2025-08-01 13:18:52,151 - INFO - ðŸ“Š Total days: 730
2025-08-01 13:18:52,151 - INFO - ðŸ”§ Chunk size: 30 days
2025-08-01 13:18:52,151 - INFO - ðŸ“Š Collecting chunk: 2023-08-02 to 2023-09-01
2025-08-01 13:18:52,332 - INFO - âœ… Chunk collected: 2880 records
2025-08-01 13:18:53,334 - INFO - ðŸ“Š Collecting chunk: 2023-09-01 to 2023-10-01
2025-08-01 13:18:53,516 - INFO - âœ… Chunk collected: 2880 records
2025-08-01 13:18:54,521 - INFO - ðŸ“Š Collecting chunk: 2023-10-01 to 2023-10-31
2025-08-01 13:18:54,714 - INFO - âœ… Chunk collected: 2880 records
2025-08-01 13:18:55,719 - INFO - ðŸ“Š Collecting chunk: 2023-10-31 to 2023-11-30
2025-08-01 13:18:55,916 - INFO - âœ… Chunk collected: 2880 records
2025-08-01 13:18:56,921 - INFO - ðŸ“Š Collecting chunk: 2023-11-30 to 2023-12-30
2025-08-01 13:18:57,098 - INFO - âœ… Chunk collected: 2880 records
2025-08-01 13:18:58,104 - INFO - ðŸ“Š Collecting chunk: 2023-12-30 to 2024-01-29
2025-08-01 13:18:58,274 - INFO - âœ… Chunk collected: 2880 records
2025-08-01 13:18:59,279 - INFO - ðŸ“Š Collecting chunk: 2024-01-29 to 2024-02-28
2025-08-01 13:18:59,440 - INFO - âœ… Chunk collected: 2880 records
2025-08-01 13:19:00,446 - INFO - ðŸ“Š Collecting chunk: 2024-02-28 to 2024-03-29
2025-08-01 13:19:00,600 - INFO - âœ… Chunk collected: 2880 records
2025-08-01 13:19:01,605 - INFO - ðŸ“Š Collecting chunk: 2024-03-29 to 2024-04-28
2025-08-01 13:19:01,753 - INFO - âœ… Chunk collected: 2880 records
2025-08-01 13:19:02,759 - INFO - ðŸ“Š Collecting chunk: 2024-04-28 to 2024-05-28
2025-08-01 13:19:02,910 - INFO - âœ… Chunk collected: 2880 records
2025-08-01 13:19:03,915 - INFO - ðŸ“Š Collecting chunk: 2024-05-28 to 2024-06-27
2025-08-01 13:19:04,045 - INFO - âœ… Chunk collected: 2880 records
2025-08-01 13:19:05,050 - INFO - ðŸ“Š Collecting chunk: 2024-06-27 to 2024-07-27
2025-08-01 13:19:05,164 - INFO - âœ… Chunk collected: 2880 records
2025-08-01 13:19:06,170 - INFO - ðŸ“Š Collecting chunk: 2024-07-27 to 2024-08-26
2025-08-01 13:19:06,282 - INFO - âœ… Chunk collected: 2880 records
2025-08-01 13:19:07,287 - INFO - ðŸ“Š Collecting chunk: 2024-08-26 to 2024-09-25
2025-08-01 13:19:07,394 - INFO - âœ… Chunk collected: 2880 records
2025-08-01 13:19:08,400 - INFO - ðŸ“Š Collecting chunk: 2024-09-25 to 2024-10-25
2025-08-01 13:19:08,512 - INFO - âœ… Chunk collected: 2880 records
2025-08-01 13:19:09,517 - INFO - ðŸ“Š Collecting chunk: 2024-10-25 to 2024-11-24
2025-08-01 13:19:09,617 - INFO - âœ… Chunk collected: 2880 records
2025-08-01 13:19:10,622 - INFO - ðŸ“Š Collecting chunk: 2024-11-24 to 2024-12-24
2025-08-01 13:19:10,714 - INFO - âœ… Chunk collected: 2880 records
2025-08-01 13:19:11,719 - INFO - ðŸ“Š Collecting chunk: 2024-12-24 to 2025-01-23
2025-08-01 13:19:11,798 - INFO - âœ… Chunk collected: 2880 records
2025-08-01 13:19:12,803 - INFO - ðŸ“Š Collecting chunk: 2025-01-23 to 2025-02-22
2025-08-01 13:19:12,883 - INFO - âœ… Chunk collected: 2880 records
2025-08-01 13:19:13,888 - INFO - ðŸ“Š Collecting chunk: 2025-02-22 to 2025-03-24
2025-08-01 13:19:13,956 - INFO - âœ… Chunk collected: 2880 records
2025-08-01 13:19:14,962 - INFO - ðŸ“Š Collecting chunk: 2025-03-24 to 2025-04-23
2025-08-01 13:19:15,077 - INFO - âœ… Chunk collected: 2880 records
2025-08-01 13:19:16,082 - INFO - ðŸ“Š Collecting chunk: 2025-04-23 to 2025-05-23
2025-08-01 13:19:16,124 - INFO - âœ… Chunk collected: 2880 records
2025-08-01 13:19:17,129 - INFO - ðŸ“Š Collecting chunk: 2025-05-23 to 2025-06-22
2025-08-01 13:19:17,174 - INFO - âœ… Chunk collected: 2880 records
2025-08-01 13:19:18,179 - INFO - ðŸ“Š Collecting chunk: 2025-06-22 to 2025-07-22
2025-08-01 13:19:18,206 - INFO - âœ… Chunk collected: 2880 records
2025-08-01 13:19:19,211 - INFO - ðŸ“Š Collecting chunk: 2025-07-22 to 2025-08-01
2025-08-01 13:19:19,222 - INFO - âœ… Chunk collected: 960 records
2025-08-01 13:19:20,235 - INFO - ðŸ§¹ Cleaning and validating data...
2025-08-01 13:19:20,251 - INFO -    Removed 0 duplicates
2025-08-01 13:19:20,255 - INFO -    Removed rows with missing values: 70,080 records remaining
2025-08-01 13:19:20,256 - INFO -    Validated price data: 70,080 records remaining
2025-08-01 13:19:20,256 - INFO -    Validated OHLC relationships: 70,080 records remaining
2025-08-01 13:19:20,261 - INFO -    Removed outliers: 70,080 records remaining
2025-08-01 13:19:20,443 - INFO - ðŸ’¾ CSV file saved: paper_trading_data/unified_data_collection/bitcoin_15m_20230802_20250801.csv
2025-08-01 13:19:20,494 - INFO - ðŸ’¾ Parquet file saved: paper_trading_data/unified_data_collection/bitcoin_15m_20230802_20250801.parquet
2025-08-01 13:19:20,494 - INFO - ðŸ’¾ Metadata saved: paper_trading_data/unified_data_collection/bitcoin_15m_20230802_20250801_metadata.json
2025-08-01 13:19:20,494 - INFO - 
ðŸ“Š Data Quality Analysis:
2025-08-01 13:19:20,494 - INFO -    ðŸ“ˆ Total records: 70,080
2025-08-01 13:19:20,494 - INFO -    ðŸ“… Date range: 2023-08-02 13:33:52.151000 to 2025-08-01 13:18:52.151000
2025-08-01 13:19:20,495 - INFO -    ðŸ’° Price range: $9,801.10 - $101,998.24
2025-08-01 13:19:20,495 - INFO -    ðŸ“Š Volume range: 500,006 - 1,999,977
2025-08-01 13:19:20,497 - INFO -    âœ… No significant time gaps found
2025-08-01 13:19:20,498 - WARNING -    âš ï¸  Found 22 large price changes (>10%)
