2025-08-01 12:12:33,227 - INFO - ðŸš€ Unified Bitcoin Data Collection System Started
2025-08-01 12:12:33,227 - INFO - ðŸ“ Data directory: paper_trading_data/unified_data_collection
2025-08-01 12:12:33,227 - INFO - ðŸ“Š Exchange: mexc
2025-08-01 12:12:33,227 - INFO - ðŸ’° Symbol: BTC/USDT:USDT
2025-08-01 12:12:33,227 - INFO - â° Timeframe: 1h
2025-08-01 12:12:33,227 - INFO - 
ðŸ”— Testing connection to mexc...
2025-08-01 12:12:33,227 - INFO - âœ… Successfully connected to mexc
2025-08-01 12:12:33,228 - INFO - ðŸ“Š Available markets: 1
2025-08-01 12:12:33,228 - INFO - âœ… Symbol BTC/USDT:USDT is available
2025-08-01 12:12:33,228 - INFO - 
============================================================
2025-08-01 12:12:33,228 - INFO - ðŸ“Š Collecting Comprehensive Bitcoin Data
2025-08-01 12:12:33,228 - INFO - ============================================================
2025-08-01 12:12:33,228 - INFO - ðŸ“… Date range: 2025-05-03 to 2025-08-01
2025-08-01 12:12:33,228 - INFO - ðŸ“Š Total days: 90
2025-08-01 12:12:33,228 - INFO - ðŸ”§ Chunk size: 30 days
2025-08-01 12:12:33,228 - INFO - ðŸ“Š Collecting chunk: 2025-05-03 to 2025-06-02
2025-08-01 12:12:33,237 - INFO - âœ… Chunk collected: 720 records
2025-08-01 12:12:34,243 - INFO - ðŸ“Š Collecting chunk: 2025-06-02 to 2025-07-02
2025-08-01 12:12:34,251 - INFO - âœ… Chunk collected: 720 records
2025-08-01 12:12:35,254 - INFO - ðŸ“Š Collecting chunk: 2025-07-02 to 2025-08-01
2025-08-01 12:12:35,257 - INFO - âœ… Chunk collected: 720 records
2025-08-01 12:12:36,264 - INFO - ðŸ§¹ Cleaning and validating data...
2025-08-01 12:12:36,267 - INFO -    Removed 0 duplicates
2025-08-01 12:12:36,269 - INFO -    Removed rows with missing values: 2,160 records remaining
2025-08-01 12:12:36,269 - INFO -    Validated price data: 2,160 records remaining
2025-08-01 12:12:36,271 - INFO -    Validated OHLC relationships: 2,160 records remaining
2025-08-01 12:12:36,273 - INFO -    Removed outliers: 2,035 records remaining
2025-08-01 12:12:36,285 - INFO - ðŸ’¾ CSV file saved: paper_trading_data/unified_data_collection/bitcoin_1h_20250503_20250801.csv
2025-08-01 12:12:36,323 - INFO - ðŸ’¾ Parquet file saved: paper_trading_data/unified_data_collection/bitcoin_1h_20250503_20250801.parquet
2025-08-01 12:12:36,323 - INFO - ðŸ’¾ Metadata saved: paper_trading_data/unified_data_collection/bitcoin_1h_20250503_20250801_metadata.json
2025-08-01 12:12:36,323 - INFO - 
ðŸ“Š Data Quality Analysis:
2025-08-01 12:12:36,323 - INFO -    ðŸ“ˆ Total records: 2,035
2025-08-01 12:12:36,323 - INFO -    ðŸ“… Date range: 2025-05-03 12:42:33.228000 to 2025-08-01 11:42:33.228000
2025-08-01 12:12:36,323 - INFO -    ðŸ’° Price range: $34,415.88 - $86,373.61
2025-08-01 12:12:36,323 - INFO -    ðŸ“Š Volume range: 500,958 - 1,999,956
2025-08-01 12:12:36,324 - WARNING -    âš ï¸  Found 2034 time gaps in data
2025-08-01 12:12:36,325 - WARNING -    âš ï¸  Found 1 large price changes (>10%)
