2025-08-01 12:11:46,082 - INFO - ðŸš€ Unified Bitcoin Data Collection System Started
2025-08-01 12:11:46,082 - INFO - ðŸ“ Data directory: paper_trading_data/unified_data_collection
2025-08-01 12:11:46,082 - INFO - ðŸ“Š Exchange: mexc
2025-08-01 12:11:46,082 - INFO - ðŸ’° Symbol: BTC/USDT:USDT
2025-08-01 12:11:46,082 - INFO - â° Timeframe: 15m
2025-08-01 12:11:46,082 - INFO - 
ðŸ”— Testing connection to mexc...
2025-08-01 12:11:46,082 - INFO - âœ… Successfully connected to mexc
2025-08-01 12:11:46,082 - INFO - ðŸ“Š Available markets: 1
2025-08-01 12:11:46,082 - INFO - âœ… Symbol BTC/USDT:USDT is available
2025-08-01 12:11:46,082 - INFO - 
============================================================
2025-08-01 12:11:46,082 - INFO - ðŸ“Š Collecting Comprehensive Bitcoin Data
2025-08-01 12:11:46,082 - INFO - ============================================================
2025-08-01 12:11:46,082 - INFO - ðŸ“… Date range: 2023-08-02 to 2025-08-01
2025-08-01 12:11:46,082 - INFO - ðŸ“Š Total days: 730
2025-08-01 12:11:46,082 - INFO - ðŸ”§ Chunk size: 30 days
2025-08-01 12:11:46,082 - INFO - ðŸ“Š Collecting chunk: 2023-08-02 to 2023-09-01
2025-08-01 12:11:46,241 - INFO - âœ… Chunk collected: 2880 records
2025-08-01 12:11:47,246 - INFO - ðŸ“Š Collecting chunk: 2023-09-01 to 2023-10-01
2025-08-01 12:11:47,426 - INFO - âœ… Chunk collected: 2880 records
2025-08-01 12:11:48,432 - INFO - ðŸ“Š Collecting chunk: 2023-10-01 to 2023-10-31
2025-08-01 12:11:48,612 - INFO - âœ… Chunk collected: 2880 records
2025-08-01 12:11:49,617 - INFO - ðŸ“Š Collecting chunk: 2023-10-31 to 2023-11-30
2025-08-01 12:11:49,773 - INFO - âœ… Chunk collected: 2880 records
2025-08-01 12:11:50,779 - INFO - ðŸ“Š Collecting chunk: 2023-11-30 to 2023-12-30
2025-08-01 12:11:50,930 - INFO - âœ… Chunk collected: 2880 records
2025-08-01 12:11:51,935 - INFO - ðŸ“Š Collecting chunk: 2023-12-30 to 2024-01-29
2025-08-01 12:11:52,092 - INFO - âœ… Chunk collected: 2880 records
2025-08-01 12:11:53,097 - INFO - ðŸ“Š Collecting chunk: 2024-01-29 to 2024-02-28
2025-08-01 12:11:53,236 - INFO - âœ… Chunk collected: 2880 records
2025-08-01 12:11:54,236 - INFO - ðŸ“Š Collecting chunk: 2024-02-28 to 2024-03-29
2025-08-01 12:11:54,379 - INFO - âœ… Chunk collected: 2880 records
2025-08-01 12:11:55,382 - INFO - ðŸ“Š Collecting chunk: 2024-03-29 to 2024-04-28
2025-08-01 12:11:55,507 - INFO - âœ… Chunk collected: 2880 records
2025-08-01 12:11:56,512 - INFO - ðŸ“Š Collecting chunk: 2024-04-28 to 2024-05-28
2025-08-01 12:11:56,638 - INFO - âœ… Chunk collected: 2880 records
2025-08-01 12:11:57,643 - INFO - ðŸ“Š Collecting chunk: 2024-05-28 to 2024-06-27
2025-08-01 12:11:57,754 - INFO - âœ… Chunk collected: 2880 records
2025-08-01 12:11:58,759 - INFO - ðŸ“Š Collecting chunk: 2024-06-27 to 2024-07-27
2025-08-01 12:11:58,874 - INFO - âœ… Chunk collected: 2880 records
2025-08-01 12:11:59,880 - INFO - ðŸ“Š Collecting chunk: 2024-07-27 to 2024-08-26
2025-08-01 12:11:59,962 - INFO - âœ… Chunk collected: 2880 records
2025-08-01 12:12:00,968 - INFO - ðŸ“Š Collecting chunk: 2024-08-26 to 2024-09-25
2025-08-01 12:12:01,062 - INFO - âœ… Chunk collected: 2880 records
2025-08-01 12:12:02,067 - INFO - ðŸ“Š Collecting chunk: 2024-09-25 to 2024-10-25
2025-08-01 12:12:02,162 - INFO - âœ… Chunk collected: 2880 records
2025-08-01 12:12:03,167 - INFO - ðŸ“Š Collecting chunk: 2024-10-25 to 2024-11-24
2025-08-01 12:12:03,258 - INFO - âœ… Chunk collected: 2880 records
2025-08-01 12:12:04,263 - INFO - ðŸ“Š Collecting chunk: 2024-11-24 to 2024-12-24
2025-08-01 12:12:04,344 - INFO - âœ… Chunk collected: 2880 records
2025-08-01 12:12:05,350 - INFO - ðŸ“Š Collecting chunk: 2024-12-24 to 2025-01-23
2025-08-01 12:12:05,426 - INFO - âœ… Chunk collected: 2880 records
2025-08-01 12:12:06,432 - INFO - ðŸ“Š Collecting chunk: 2025-01-23 to 2025-02-22
2025-08-01 12:12:06,488 - INFO - âœ… Chunk collected: 2880 records
2025-08-01 12:12:07,493 - INFO - ðŸ“Š Collecting chunk: 2025-02-22 to 2025-03-24
2025-08-01 12:12:07,545 - INFO - âœ… Chunk collected: 2880 records
2025-08-01 12:12:08,551 - INFO - ðŸ“Š Collecting chunk: 2025-03-24 to 2025-04-23
2025-08-01 12:12:08,591 - INFO - âœ… Chunk collected: 2880 records
2025-08-01 12:12:09,596 - INFO - ðŸ“Š Collecting chunk: 2025-04-23 to 2025-05-23
2025-08-01 12:12:09,627 - INFO - âœ… Chunk collected: 2880 records
2025-08-01 12:12:10,632 - INFO - ðŸ“Š Collecting chunk: 2025-05-23 to 2025-06-22
2025-08-01 12:12:10,662 - INFO - âœ… Chunk collected: 2880 records
2025-08-01 12:12:11,668 - INFO - ðŸ“Š Collecting chunk: 2025-06-22 to 2025-07-22
2025-08-01 12:12:11,691 - INFO - âœ… Chunk collected: 2880 records
2025-08-01 12:12:12,697 - INFO - ðŸ“Š Collecting chunk: 2025-07-22 to 2025-08-01
2025-08-01 12:12:12,704 - INFO - âœ… Chunk collected: 960 records
2025-08-01 12:12:13,711 - INFO - ðŸ§¹ Cleaning and validating data...
2025-08-01 12:12:13,720 - INFO -    Removed 0 duplicates
2025-08-01 12:12:13,723 - INFO -    Removed rows with missing values: 70,080 records remaining
2025-08-01 12:12:13,724 - INFO -    Validated price data: 70,080 records remaining
2025-08-01 12:12:13,725 - INFO -    Validated OHLC relationships: 70,080 records remaining
2025-08-01 12:12:13,730 - INFO -    Removed outliers: 70,080 records remaining
2025-08-01 12:12:13,933 - INFO - ðŸ’¾ CSV file saved: paper_trading_data/unified_data_collection/bitcoin_15m_20230802_20250801.csv
2025-08-01 12:12:13,976 - INFO - ðŸ’¾ Parquet file saved: paper_trading_data/unified_data_collection/bitcoin_15m_20230802_20250801.parquet
2025-08-01 12:12:13,977 - INFO - ðŸ’¾ Metadata saved: paper_trading_data/unified_data_collection/bitcoin_15m_20230802_20250801_metadata.json
2025-08-01 12:12:13,977 - INFO - 
ðŸ“Š Data Quality Analysis:
2025-08-01 12:12:13,977 - INFO -    ðŸ“ˆ Total records: 70,080
2025-08-01 12:12:13,978 - INFO -    ðŸ“… Date range: 2023-08-02 12:26:46.082000 to 2025-08-01 12:11:46.082000
2025-08-01 12:12:13,978 - INFO -    ðŸ’° Price range: $9,823.51 - $101,979.16
2025-08-01 12:12:13,978 - INFO -    ðŸ“Š Volume range: 500,017 - 1,999,986
2025-08-01 12:12:13,978 - INFO -    âœ… No significant time gaps found
2025-08-01 12:12:13,979 - WARNING -    âš ï¸  Found 21 large price changes (>10%)
