2025-07-26 23:38:51,564 - paper_trading.trading - INFO - Loading trading configuration...
2025-07-26 23:38:51,564 - paper_trading.trading - INFO - Trading config loaded - Capital: $100,000
2025-07-26 23:38:51,564 - paper_trading.trading - INFO - Max position size: 20.0%
2025-07-26 23:38:51,564 - paper_trading.trading - INFO - Transaction cost: 0.100%
2025-07-26 23:38:51,564 - paper_trading.data - INFO - Initializing data processor...
2025-07-26 23:38:51,564 - paper_trading.data - INFO - Data processor initialized successfully
2025-07-26 23:38:51,565 - paper_trading.data - INFO - Processing data with 100 rows
2025-07-26 23:38:51,577 - paper_trading.data - INFO - Technical indicators calculated: 35 features
2025-07-26 23:38:51,577 - paper_trading.risk - INFO - Initializing risk manager...
2025-07-26 23:38:51,577 - paper_trading.risk - INFO - Risk manager initialized successfully
2025-07-26 23:38:51,578 - paper_trading.risk - INFO - Validating action: [0.1]
2025-07-26 23:38:51,578 - paper_trading.risk - INFO - Current positions: ['AAPL']
2025-07-26 23:38:51,578 - paper_trading.risk - INFO - Portfolio value: $100,000
2025-07-26 23:38:51,578 - paper_trading.risk - INFO - Action validation completed - Shape: (1,)
2025-07-26 23:38:51,578 - paper_trading.trading - INFO - Initializing portfolio...
2025-07-26 23:38:51,578 - paper_trading.trading - INFO - Portfolio initialized with $100,000
2025-07-26 23:38:51,578 - paper_trading.trading - INFO - Executing buy order for AAPL...
2025-07-26 23:38:51,578 - paper_trading.models.portfolio - INFO - Bought 100 shares of AAPL at $150.00
2025-07-26 23:38:51,578 - paper_trading.trading - INFO - Buy order result: Success
2025-07-26 23:38:51,578 - paper_trading.trading - INFO - Updating portfolio prices...
2025-07-26 23:38:51,578 - paper_trading.trading - INFO - Portfolio value updated: $100,500.00
2025-07-26 23:38:51,578 - paper_trading.trading - INFO - Initializing performance analyzer...
2025-07-26 23:38:51,578 - paper_trading.trading - INFO - Performance analyzer initialized
2025-07-26 23:38:51,578 - paper_trading.trading - INFO - Analyzing performance for 8 data points
2025-07-26 23:38:51,578 - paper_trading.trading - INFO - Performance analysis completed:
2025-07-26 23:38:51,578 - paper_trading.trading - INFO -   - Total return: 7.20%
2025-07-26 23:38:51,579 - paper_trading.trading - INFO -   - Sharpe ratio: 22.4798
2025-07-26 23:38:51,579 - paper_trading.trading - INFO -   - Max drawdown: -0.68%
2025-07-26 23:38:51,579 - paper_trading.trading - INFO - Initializing order manager...
2025-07-26 23:38:51,579 - paper_trading.trading - INFO - Order manager initialized
2025-07-26 23:38:51,579 - paper_trading.trading - INFO - Executing orders for symbols: ['AAPL']
2025-07-26 23:38:51,579 - paper_trading.trading - INFO - Action vector: [0.1]
2025-07-26 23:38:51,579 - paper_trading.paper_trading_engine.order_manager - INFO - Executed 1 orders:
2025-07-26 23:38:51,579 - paper_trading.paper_trading_engine.order_manager - INFO -   Total value: $901.35
2025-07-26 23:38:51,579 - paper_trading.paper_trading_engine.order_manager - INFO -   Transaction costs: $0.90
2025-07-26 23:38:51,579 - paper_trading.paper_trading_engine.order_manager - INFO -   Slippage: $0.45
2025-07-26 23:38:51,579 - paper_trading.paper_trading_engine.order_manager - INFO -   BUY 6 shares of AAPL @ $150.07
2025-07-26 23:38:51,579 - paper_trading.trading - INFO - Order execution completed - 1 orders executed
2025-07-26 23:38:51,585 - paper_trading.trading - INFO - Creating configuration file...
2025-07-26 23:38:51,587 - paper_trading.trading - INFO - Configuration file created with 2 sections
2025-07-26 23:38:51,587 - paper_trading.trading - INFO - Model agent type: PPO
2025-07-26 23:38:51,587 - paper_trading.trading - INFO - Initial capital: $1,000,000
2025-07-26 23:38:51,587 - paper_trading.trading - INFO - Test configuration file cleaned up
2025-07-26 23:38:51,587 - paper_trading.trading - ERROR - Simulated error caught: Simulated error for logging test
2025-07-26 23:38:51,587 - paper_trading.trading - WARNING - This is a test warning message
2025-07-26 23:38:51,587 - paper_trading.trading - INFO - Calculating performance metrics...
2025-07-26 23:38:51,587 - paper_trading.trading - INFO - Performance metrics calculated:
2025-07-26 23:38:51,587 - paper_trading.trading - INFO -   - total_return: 0.072000
2025-07-26 23:38:51,587 - paper_trading.trading - INFO -   - annualized_return: 11.218342
2025-07-26 23:38:51,587 - paper_trading.trading - INFO -   - volatility: 0.111282
2025-07-26 23:38:51,588 - paper_trading.trading - INFO -   - sharpe_ratio: 22.479799
2025-07-26 23:38:51,588 - paper_trading.trading - INFO -   - max_drawdown: -0.006829
2025-07-26 23:38:51,588 - paper_trading.trading - INFO -   - var_95: -0.001780
2025-07-26 23:38:51,588 - paper_trading.trading - INFO -   - var_99: -0.005820
2025-07-26 23:38:51,588 - paper_trading.trading - INFO -   - cvar_95: -0.006829
2025-07-26 23:38:51,588 - paper_trading.trading - INFO -   - calmar_ratio: 1642.685775
2025-07-26 23:38:51,588 - paper_trading.trading - INFO -   - sortino_ratio: 15758560.888639
2025-07-26 23:38:51,588 - paper_trading.trading - INFO -   - information_ratio: 22.659555
2025-07-26 23:38:51,588 - paper_trading.trading - INFO - ==================================================
2025-07-26 23:38:51,588 - paper_trading.trading - INFO - LOGGING VERIFICATION TEST COMPLETED
2025-07-26 23:38:51,588 - paper_trading.trading - INFO - ==================================================
2025-07-26 23:38:51,588 - paper_trading.trading - INFO - ✅ All logging components tested successfully
2025-07-26 23:38:51,588 - paper_trading.trading - INFO - ✅ Log files generated in logs/ directory
2025-07-26 23:38:51,588 - paper_trading.trading - INFO - ✅ Multiple log levels tested (INFO, WARNING, ERROR, DEBUG)
2025-07-26 23:38:51,588 - paper_trading.trading - INFO - ✅ Different loggers tested (trading, risk, data)
2025-07-26 23:38:51,588 - paper_trading.trading - INFO - ==================================================
2025-07-26 23:38:51,588 - test_levels - DEBUG - This is a DEBUG message
2025-07-26 23:38:51,588 - test_levels - INFO - This is an INFO message
2025-07-26 23:38:51,588 - test_levels - WARNING - This is a WARNING message
2025-07-26 23:38:51,588 - test_levels - ERROR - This is an ERROR message
2025-07-27 16:24:42,780 - paper_trading.trading - INFO - Loading trading configuration...
2025-07-27 16:24:42,781 - paper_trading.trading - INFO - Trading config loaded - Capital: $100,000
2025-07-27 16:24:42,781 - paper_trading.trading - INFO - Max position size: 20.0%
2025-07-27 16:24:42,781 - paper_trading.trading - INFO - Transaction cost: 0.100%
2025-07-27 16:24:42,781 - paper_trading.data - INFO - Initializing data processor...
2025-07-27 16:24:42,781 - paper_trading.data - INFO - Data processor initialized successfully
2025-07-27 16:24:42,782 - paper_trading.data - INFO - Processing data with 100 rows
2025-07-27 16:24:42,793 - paper_trading.data - INFO - Technical indicators calculated: 35 features
2025-07-27 16:24:42,793 - paper_trading.risk - INFO - Initializing risk manager...
2025-07-27 16:24:42,793 - paper_trading.risk - INFO - Risk manager initialized successfully
2025-07-27 16:24:42,793 - paper_trading.risk - INFO - Validating action: [0.1]
2025-07-27 16:24:42,793 - paper_trading.risk - INFO - Current positions: ['AAPL']
2025-07-27 16:24:42,793 - paper_trading.risk - INFO - Portfolio value: $100,000
2025-07-27 16:24:42,793 - paper_trading.risk - INFO - Action validation completed - Shape: (1,)
2025-07-27 16:24:42,793 - paper_trading.trading - INFO - Initializing portfolio...
2025-07-27 16:24:42,793 - paper_trading.trading - INFO - Portfolio initialized with $100,000
2025-07-27 16:24:42,793 - paper_trading.trading - INFO - Executing buy order for AAPL...
2025-07-27 16:24:42,793 - paper_trading.models.portfolio - INFO - Bought 100 shares of AAPL at $150.00
2025-07-27 16:24:42,793 - paper_trading.trading - INFO - Buy order result: Success
2025-07-27 16:24:42,793 - paper_trading.trading - INFO - Updating portfolio prices...
2025-07-27 16:24:42,793 - paper_trading.trading - INFO - Portfolio value updated: $100,500.00
2025-07-27 16:24:42,793 - paper_trading.trading - INFO - Initializing performance analyzer...
2025-07-27 16:24:42,793 - paper_trading.trading - INFO - Performance analyzer initialized
2025-07-27 16:24:42,793 - paper_trading.trading - INFO - Analyzing performance for 8 data points
2025-07-27 16:24:42,794 - paper_trading.trading - INFO - Performance analysis completed:
2025-07-27 16:24:42,794 - paper_trading.trading - INFO -   - Total return: 7.20%
2025-07-27 16:24:42,794 - paper_trading.trading - INFO -   - Sharpe ratio: 22.4798
2025-07-27 16:24:42,794 - paper_trading.trading - INFO -   - Max drawdown: -0.68%
2025-07-27 16:24:42,794 - paper_trading.trading - INFO - Initializing order manager...
2025-07-27 16:24:42,794 - paper_trading.trading - INFO - Order manager initialized
2025-07-27 16:24:42,794 - paper_trading.trading - INFO - Executing orders for symbols: ['AAPL']
2025-07-27 16:24:42,794 - paper_trading.trading - INFO - Action vector: [0.1]
2025-07-27 16:24:42,794 - paper_trading.paper_trading_engine.order_manager - INFO - Executed 1 orders:
2025-07-27 16:24:42,794 - paper_trading.paper_trading_engine.order_manager - INFO -   Total value: $901.35
2025-07-27 16:24:42,794 - paper_trading.paper_trading_engine.order_manager - INFO -   Transaction costs: $0.90
2025-07-27 16:24:42,794 - paper_trading.paper_trading_engine.order_manager - INFO -   Slippage: $0.45
2025-07-27 16:24:42,794 - paper_trading.paper_trading_engine.order_manager - INFO -   BUY 6 shares of AAPL @ $150.07
2025-07-27 16:24:42,794 - paper_trading.trading - INFO - Order execution completed - 1 orders executed
2025-07-27 16:24:42,794 - paper_trading.trading - INFO - Creating configuration file...
2025-07-27 16:24:42,796 - paper_trading.trading - INFO - Configuration file created with 2 sections
2025-07-27 16:24:42,796 - paper_trading.trading - INFO - Model agent type: PPO
2025-07-27 16:24:42,796 - paper_trading.trading - INFO - Initial capital: $1,000,000
2025-07-27 16:24:42,796 - paper_trading.trading - INFO - Test configuration file cleaned up
2025-07-27 16:24:42,796 - paper_trading.trading - ERROR - Simulated error caught: Simulated error for logging test
2025-07-27 16:24:42,797 - paper_trading.trading - WARNING - This is a test warning message
2025-07-27 16:24:42,797 - paper_trading.trading - INFO - Calculating performance metrics...
2025-07-27 16:24:42,797 - paper_trading.trading - INFO - Performance metrics calculated:
2025-07-27 16:24:42,797 - paper_trading.trading - INFO -   - total_return: 0.072000
2025-07-27 16:24:42,797 - paper_trading.trading - INFO -   - annualized_return: 11.218342
2025-07-27 16:24:42,797 - paper_trading.trading - INFO -   - volatility: 0.111282
2025-07-27 16:24:42,797 - paper_trading.trading - INFO -   - sharpe_ratio: 22.479799
2025-07-27 16:24:42,797 - paper_trading.trading - INFO -   - max_drawdown: -0.006829
2025-07-27 16:24:42,797 - paper_trading.trading - INFO -   - var_95: -0.001780
2025-07-27 16:24:42,797 - paper_trading.trading - INFO -   - var_99: -0.005820
2025-07-27 16:24:42,797 - paper_trading.trading - INFO -   - cvar_95: -0.006829
2025-07-27 16:24:42,797 - paper_trading.trading - INFO -   - calmar_ratio: 1642.685775
2025-07-27 16:24:42,797 - paper_trading.trading - INFO -   - sortino_ratio: 15758560.888639
2025-07-27 16:24:42,797 - paper_trading.trading - INFO -   - information_ratio: 22.659555
2025-07-27 16:24:42,797 - paper_trading.trading - INFO - ==================================================
2025-07-27 16:24:42,797 - paper_trading.trading - INFO - LOGGING VERIFICATION TEST COMPLETED
2025-07-27 16:24:42,797 - paper_trading.trading - INFO - ==================================================
2025-07-27 16:24:42,797 - paper_trading.trading - INFO - ✅ All logging components tested successfully
2025-07-27 16:24:42,797 - paper_trading.trading - INFO - ✅ Log files generated in logs/ directory
2025-07-27 16:24:42,797 - paper_trading.trading - INFO - ✅ Multiple log levels tested (INFO, WARNING, ERROR, DEBUG)
2025-07-27 16:24:42,797 - paper_trading.trading - INFO - ✅ Different loggers tested (trading, risk, data)
2025-07-27 16:24:42,797 - paper_trading.trading - INFO - ==================================================
2025-07-27 16:24:42,797 - test_levels - DEBUG - This is a DEBUG message
2025-07-27 16:24:42,798 - test_levels - INFO - This is an INFO message
2025-07-27 16:24:42,798 - test_levels - WARNING - This is a WARNING message
2025-07-27 16:24:42,798 - test_levels - ERROR - This is an ERROR message
